<?xml version="1.0" encoding="UTF-8"?>
<testng-results ignored="0" total="1" passed="1" failed="0" skipped="0">
  <reporter-output>
  </reporter-output>
  <suite started-at="2024-05-05T15:26:07 SAST" name="Default suite" finished-at="2024-05-05T15:26:40 SAST" duration-ms="33449">
    <groups>
    </groups>
    <test started-at="2024-05-05T15:26:07 SAST" name="Default test" finished-at="2024-05-05T15:26:40 SAST" duration-ms="33449">
      <class name="testCases.TC001">
        <test-method is-config="true" signature="setUp()[pri:0, instance:testCases.TC001@76505305]" started-at="2024-05-05T15:26:07 SAST" name="setUp" finished-at="2024-05-05T15:26:18 SAST" duration-ms="11513" status="PASS">
          <reporter-output>
          </reporter-output>
        </test-method> <!-- setUp -->
        <test-method signature="checkoutTest()[pri:0, instance:testCases.TC001@76505305]" started-at="2024-05-05T15:26:18 SAST" name="checkoutTest" finished-at="2024-05-05T15:26:39 SAST" duration-ms="21082" status="PASS">
          <reporter-output>
          </reporter-output>
        </test-method> <!-- checkoutTest -->
        <test-method is-config="true" signature="closeBrowser()[pri:0, instance:testCases.TC001@76505305]" started-at="2024-05-05T15:26:39 SAST" name="closeBrowser" finished-at="2024-05-05T15:26:40 SAST" duration-ms="799" status="PASS">
          <reporter-output>
          </reporter-output>
        </test-method> <!-- closeBrowser -->
      </class> <!-- testCases.TC001 -->
    </test> <!-- Default test -->
  </suite> <!-- Default suite -->
</testng-results>
